text_1.dat                                                                      
poles     0  0  1
      phi     theta      int
  -182.500     0.810     5.522
  -177.500     0.810     5.522
  -172.500     0.810     5.522
  -167.500     0.810     5.522
  -162.500     0.810     5.522
  -157.500     0.810     5.522
  -152.500     0.810     5.522
  -147.500     0.810     5.522
  -142.500     0.810     5.522
  -137.500     0.810     5.522
  -132.500     0.810     5.522
  -127.500     0.810     5.522
  -122.500     0.810     5.522
  -117.500     0.810     5.522
  -112.500     0.810     5.522
  -107.500     0.810     5.522
  -102.500     0.810     5.522
   -97.500     0.810     5.522
   -92.500     0.810     5.522
   -87.500     0.810     5.522
   -82.500     0.810     5.522
   -77.500     0.810     5.522
   -72.500     0.810     5.522
   -67.500     0.810     5.522
   -62.500     0.810     5.522
   -57.500     0.810     5.522
   -52.500     0.810     5.522
   -47.500     0.810     5.522
   -42.500     0.810     5.522
   -37.500     0.810     5.522
   -32.500     0.810     5.522
   -27.500     0.810     5.522
   -22.500     0.810     5.522
   -17.500     0.810     5.522
   -12.500     0.810     5.522
    -7.500     0.810     5.522
    -2.500     0.810     5.522
     2.500     0.810     5.522
     7.500     0.810     5.522
    12.500     0.810     5.522
    17.500     0.810     5.522
    22.500     0.810     5.522
    27.500     0.810     5.522
    32.500     0.810     5.522
    37.500     0.810     5.522
    42.500     0.810     5.522
    47.500     0.810     5.522
    52.500     0.810     5.522
    57.500     0.810     5.522
    62.500     0.810     5.522
    67.500     0.810     5.522
    72.500     0.810     5.522
    77.500     0.810     5.522
    82.500     0.810     5.522
    87.500     0.810     5.522
    92.500     0.810     5.522
    97.500     0.810     5.522
   102.500     0.810     5.522
   107.500     0.810     5.522
   112.500     0.810     5.522
   117.500     0.810     5.522
   122.500     0.810     5.522
   127.500     0.810     5.522
   132.500     0.810     5.522
   137.500     0.810     5.522
   142.500     0.810     5.522
   147.500     0.810     5.522
   152.500     0.810     5.522
   157.500     0.810     5.522
   162.500     0.810     5.522
   167.500     0.810     5.522
   172.500     0.810     5.522
   177.500     0.810     5.522
   182.500     0.810     5.522
  -182.500     7.729     5.068
  -177.500     7.729     5.068
  -172.500     7.729     3.272
  -167.500     7.729     3.008
  -162.500     7.729     3.053
  -157.500     7.729     3.360
  -152.500     7.729     3.789
  -147.500     7.729     3.880
  -142.500     7.729     4.626
  -137.500     7.729     4.284
  -132.500     7.729     4.284
  -127.500     7.729     4.626
  -122.500     7.729     3.880
  -117.500     7.729     3.789
  -112.500     7.729     3.360
  -107.500     7.729     3.053
  -102.500     7.729     3.008
   -97.500     7.729     3.272
   -92.500     7.729     5.068
   -87.500     7.729     5.068
   -82.500     7.729     3.272
   -77.500     7.729     3.008
   -72.500     7.729     3.053
   -67.500     7.729     3.360
   -62.500     7.729     3.789
   -57.500     7.729     3.880
   -52.500     7.729     4.626
   -47.500     7.729     4.284
   -42.500     7.729     4.284
   -37.500     7.729     4.626
   -32.500     7.729     3.880
   -27.500     7.729     3.789
   -22.500     7.729     3.360
   -17.500     7.729     3.053
   -12.500     7.729     3.008
    -7.500     7.729     3.272
    -2.500     7.729     5.068
     2.500     7.729     5.068
     7.500     7.729     3.272
    12.500     7.729     3.008
    17.500     7.729     3.053
    22.500     7.729     3.360
    27.500     7.729     3.789
    32.500     7.729     3.880
    37.500     7.729     4.626
    42.500     7.729     4.284
    47.500     7.729     4.284
    52.500     7.729     4.626
    57.500     7.729     3.880
    62.500     7.729     3.789
    67.500     7.729     3.360
    72.500     7.729     3.053
    77.500     7.729     3.008
    82.500     7.729     3.272
    87.500     7.729     5.068
    92.500     7.729     5.068
    97.500     7.729     3.272
   102.500     7.729     3.008
   107.500     7.729     3.053
   112.500     7.729     3.360
   117.500     7.729     3.789
   122.500     7.729     3.880
   127.500     7.729     4.626
   132.500     7.729     4.284
   137.500     7.729     4.284
   142.500     7.729     4.626
   147.500     7.729     3.880
   152.500     7.729     3.789
   157.500     7.729     3.360
   162.500     7.729     3.053
   167.500     7.729     3.008
   172.500     7.729     3.272
   177.500     7.729     5.068
   182.500     7.729     5.068
  -182.500    12.308     5.468
  -177.500    12.308     5.468
  -172.500    12.308     6.104
  -167.500    12.308     5.975
  -162.500    12.308     5.123
  -157.500    12.308     4.377
  -152.500    12.308     4.641
  -147.500    12.308     4.662
  -142.500    12.308     4.316
  -137.500    12.308     4.005
  -132.500    12.308     4.005
  -127.500    12.308     4.316
  -122.500    12.308     4.662
  -117.500    12.308     4.641
  -112.500    12.308     4.377
  -107.500    12.308     5.123
  -102.500    12.308     5.975
   -97.500    12.308     6.104
   -92.500    12.308     5.468
   -87.500    12.308     5.468
   -82.500    12.308     6.104
   -77.500    12.308     5.975
   -72.500    12.308     5.123
   -67.500    12.308     4.377
   -62.500    12.308     4.641
   -57.500    12.308     4.662
   -52.500    12.308     4.316
   -47.500    12.308     4.005
   -42.500    12.308     4.005
   -37.500    12.308     4.316
   -32.500    12.308     4.662
   -27.500    12.308     4.641
   -22.500    12.308     4.377
   -17.500    12.308     5.123
   -12.500    12.308     5.975
    -7.500    12.308     6.104
    -2.500    12.308     5.468
     2.500    12.308     5.468
     7.500    12.308     6.104
    12.500    12.308     5.975
    17.500    12.308     5.123
    22.500    12.308     4.377
    27.500    12.308     4.641
    32.500    12.308     4.662
    37.500    12.308     4.316
    42.500    12.308     4.005
    47.500    12.308     4.005
    52.500    12.308     4.316
    57.500    12.308     4.662
    62.500    12.308     4.641
    67.500    12.308     4.377
    72.500    12.308     5.123
    77.500    12.308     5.975
    82.500    12.308     6.104
    87.500    12.308     5.468
    92.500    12.308     5.468
    97.500    12.308     6.104
   102.500    12.308     5.975
   107.500    12.308     5.123
   112.500    12.308     4.377
   117.500    12.308     4.641
   122.500    12.308     4.662
   127.500    12.308     4.316
   132.500    12.308     4.005
   137.500    12.308     4.005
   142.500    12.308     4.316
   147.500    12.308     4.662
   152.500    12.308     4.616
   157.500    12.308     4.402
   162.500    12.308     5.123
   167.500    12.308     5.975
   172.500    12.308     6.104
   177.500    12.308     5.468
   182.500    12.308     5.468
  -182.500    16.966    14.073
  -177.500    16.966    14.055
  -172.500    16.966     8.377
  -167.500    16.966     4.230
  -162.500    16.966     2.029
  -157.500    16.966     1.054
  -152.500    16.966     0.667
  -147.500    16.966     0.447
  -142.500    16.966     0.307
  -137.500    16.966     0.213
  -132.500    16.966     0.213
  -127.500    16.966     0.307
  -122.500    16.966     0.447
  -117.500    16.966     0.667
  -112.500    16.966     1.054
  -107.500    16.966     2.029
  -102.500    16.966     4.230
   -97.500    16.966     8.357
   -92.500    16.966    14.075
   -87.500    16.966    14.055
   -82.500    16.966     8.377
   -77.500    16.966     4.230
   -72.500    16.966     2.029
   -67.500    16.966     1.054
   -62.500    16.966     0.667
   -57.500    16.966     0.447
   -52.500    16.966     0.307
   -47.500    16.966     0.213
   -42.500    16.966     0.213
   -37.500    16.966     0.307
   -32.500    16.966     0.447
   -27.500    16.966     0.667
   -22.500    16.966     1.054
   -17.500    16.966     2.029
   -12.500    16.966     4.230
    -7.500    16.966     8.359
    -2.500    16.966    14.073
     2.500    16.966    14.055
     7.500    16.966     8.377
    12.500    16.966     4.230
    17.500    16.966     2.029
    22.500    16.966     1.054
    27.500    16.966     0.667
    32.500    16.966     0.447
    37.500    16.966     0.307
    42.500    16.966     0.213
    47.500    16.966     0.213
    52.500    16.966     0.307
    57.500    16.966     0.447
    62.500    16.966     0.667
    67.500    16.966     1.054
    72.500    16.966     2.029
    77.500    16.966     4.230
    82.500    16.966     8.359
    87.500    16.966    14.073
    92.500    16.966    14.075
    97.500    16.966     8.357
   102.500    16.966     4.230
   107.500    16.966     2.029
   112.500    16.966     1.054
   117.500    16.966     0.667
   122.500    16.966     0.447
   127.500    16.966     0.307
   132.500    16.966     0.213
   137.500    16.966     0.213
   142.500    16.966     0.307
   147.500    16.966     0.447
   152.500    16.966     0.667
   157.500    16.966     1.054
   162.500    16.966     2.029
   167.500    16.966     4.230
   172.500    16.966     8.359
   177.500    16.966    14.073
   182.500    16.966    14.055
  -182.500    21.651    12.549
  -177.500    21.651    12.549
  -172.500    21.651     3.468
  -167.500    21.651     0.504
  -162.500    21.651     0.086
  -157.500    21.651     0.007
  -152.500    21.651     0.001
  -147.500    21.651     0.000
  -142.500    21.651     0.000
  -137.500    21.651     0.000
  -132.500    21.651     0.000
  -127.500    21.651     0.000
  -122.500    21.651     0.000
  -117.500    21.651     0.001
  -112.500    21.651     0.007
  -107.500    21.651     0.086
  -102.500    21.651     0.504
   -97.500    21.651     3.468
   -92.500    21.651    12.549
   -87.500    21.651    12.549
   -82.500    21.651     3.468
   -77.500    21.651     0.504
   -72.500    21.651     0.086
   -67.500    21.651     0.007
   -62.500    21.651     0.001
   -57.500    21.651     0.000
   -52.500    21.651     0.000
   -47.500    21.651     0.000
   -42.500    21.651     0.000
   -37.500    21.651     0.000
   -32.500    21.651     0.000
   -27.500    21.651     0.001
   -22.500    21.651     0.007
   -17.500    21.651     0.086
   -12.500    21.651     0.504
    -7.500    21.651     3.468
    -2.500    21.651    12.549
     2.500    21.651    12.549
     7.500    21.651     3.468
    12.500    21.651     0.504
    17.500    21.651     0.086
    22.500    21.651     0.007
    27.500    21.651     0.001
    32.500    21.651     0.000
    37.500    21.651     0.000
    42.500    21.651     0.000
    47.500    21.651     0.000
    52.500    21.651     0.000
    57.500    21.651     0.000
    62.500    21.651     0.001
    67.500    21.651     0.007
    72.500    21.651     0.086
    77.500    21.651     0.504
    82.500    21.651     3.468
    87.500    21.651    12.549
    92.500    21.651    12.549
    97.500    21.651     3.468
   102.500    21.651     0.504
   107.500    21.651     0.086
   112.500    21.651     0.007
   117.500    21.651     0.001
   122.500    21.651     0.000
   127.500    21.651     0.000
   132.500    21.651     0.000
   137.500    21.651     0.000
   142.500    21.651     0.000
   147.500    21.651     0.000
   152.500    21.651     0.001
   157.500    21.651     0.007
   162.500    21.651     0.086
   167.500    21.651     0.504
   172.500    21.651     3.468
   177.500    21.651    12.549
   182.500    21.651    12.549
  -182.500    26.348     7.261
  -177.500    26.348     7.261
  -172.500    26.348     0.837
  -167.500    26.348     0.012
  -162.500    26.348     0.000
  -157.500    26.348     0.000
  -152.500    26.348     0.000
  -147.500    26.348     0.000
  -142.500    26.348     0.000
  -137.500    26.348     0.000
  -132.500    26.348     0.000
  -127.500    26.348     0.000
  -122.500    26.348     0.000
  -117.500    26.348     0.000
  -112.500    26.348     0.000
  -107.500    26.348     0.000
  -102.500    26.348     0.012
   -97.500    26.348     0.837
   -92.500    26.348     7.261
   -87.500    26.348     7.261
   -82.500    26.348     0.837
   -77.500    26.348     0.012
   -72.500    26.348     0.000
   -67.500    26.348     0.000
   -62.500    26.348     0.000
   -57.500    26.348     0.000
   -52.500    26.348     0.000
   -47.500    26.348     0.000
   -42.500    26.348     0.000
   -37.500    26.348     0.000
   -32.500    26.348     0.000
   -27.500    26.348     0.000
   -22.500    26.348     0.000
   -17.500    26.348     0.000
   -12.500    26.348     0.012
    -7.500    26.348     0.837
    -2.500    26.348     7.261
     2.500    26.348     7.261
     7.500    26.348     0.837
    12.500    26.348     0.012
    17.500    26.348     0.000
    22.500    26.348     0.000
    27.500    26.348     0.000
    32.500    26.348     0.000
    37.500    26.348     0.000
    42.500    26.348     0.000
    47.500    26.348     0.000
    52.500    26.348     0.000
    57.500    26.348     0.000
    62.500    26.348     0.000
    67.500    26.348     0.000
    72.500    26.348     0.000
    77.500    26.348     0.012
    82.500    26.348     0.837
    87.500    26.348     7.261
    92.500    26.348     7.261
    97.500    26.348     0.837
   102.500    26.348     0.012
   107.500    26.348     0.000
   112.500    26.348     0.000
   117.500    26.348     0.000
   122.500    26.348     0.000
   127.500    26.348     0.000
   132.500    26.348     0.000
   137.500    26.348     0.000
   142.500    26.348     0.000
   147.500    26.348     0.000
   152.500    26.348     0.000
   157.500    26.348     0.000
   162.500    26.348     0.000
   167.500    26.348     0.012
   172.500    26.348     0.837
   177.500    26.348     7.261
   182.500    26.348     7.261
  -182.500    31.053     2.461
  -177.500    31.053     2.461
  -172.500    31.053     0.129
  -167.500    31.053     0.000
  -162.500    31.053     0.000
  -157.500    31.053     0.000
  -152.500    31.053     0.000
  -147.500    31.053     0.000
  -142.500    31.053     0.000
  -137.500    31.053     0.000
  -132.500    31.053     0.000
  -127.500    31.053     0.000
  -122.500    31.053     0.000
  -117.500    31.053     0.000
  -112.500    31.053     0.000
  -107.500    31.053     0.000
  -102.500    31.053     0.000
   -97.500    31.053     0.129
   -92.500    31.053     2.461
   -87.500    31.053     2.461
   -82.500    31.053     0.129
   -77.500    31.053     0.000
   -72.500    31.053     0.000
   -67.500    31.053     0.000
   -62.500    31.053     0.000
   -57.500    31.053     0.000
   -52.500    31.053     0.000
   -47.500    31.053     0.000
   -42.500    31.053     0.000
   -37.500    31.053     0.000
   -32.500    31.053     0.000
   -27.500    31.053     0.000
   -22.500    31.053     0.000
   -17.500    31.053     0.000
   -12.500    31.053     0.000
    -7.500    31.053     0.129
    -2.500    31.053     2.461
     2.500    31.053     2.461
     7.500    31.053     0.129
    12.500    31.053     0.000
    17.500    31.053     0.000
    22.500    31.053     0.000
    27.500    31.053     0.000
    32.500    31.053     0.000
    37.500    31.053     0.000
    42.500    31.053     0.000
    47.500    31.053     0.000
    52.500    31.053     0.000
    57.500    31.053     0.000
    62.500    31.053     0.000
    67.500    31.053     0.000
    72.500    31.053     0.000
    77.500    31.053     0.000
    82.500    31.053     0.129
    87.500    31.053     2.461
    92.500    31.053     2.461
    97.500    31.053     0.129
   102.500    31.053     0.000
   107.500    31.053     0.000
   112.500    31.053     0.000
   117.500    31.053     0.000
   122.500    31.053     0.000
   127.500    31.053     0.000
   132.500    31.053     0.000
   137.500    31.053     0.000
   142.500    31.053     0.000
   147.500    31.053     0.000
   152.500    31.053     0.000
   157.500    31.053     0.000
   162.500    31.053     0.000
   167.500    31.053     0.000
   172.500    31.053     0.129
   177.500    31.053     2.461
   182.500    31.053     2.461
  -182.500    35.762     0.392
  -177.500    35.762     0.392
  -172.500    35.762     0.003
  -167.500    35.762     0.000
  -162.500    35.762     0.000
  -157.500    35.762     0.000
  -152.500    35.762     0.000
  -147.500    35.762     0.000
  -142.500    35.762     0.000
  -137.500    35.762     0.000
  -132.500    35.762     0.000
  -127.500    35.762     0.000
  -122.500    35.762     0.000
  -117.500    35.762     0.000
  -112.500    35.762     0.000
  -107.500    35.762     0.000
  -102.500    35.762     0.000
   -97.500    35.762     0.003
   -92.500    35.762     0.392
   -87.500    35.762     0.392
   -82.500    35.762     0.003
   -77.500    35.762     0.000
   -72.500    35.762     0.000
   -67.500    35.762     0.000
   -62.500    35.762     0.000
   -57.500    35.762     0.000
   -52.500    35.762     0.000
   -47.500    35.762     0.000
   -42.500    35.762     0.000
   -37.500    35.762     0.000
   -32.500    35.762     0.000
   -27.500    35.762     0.000
   -22.500    35.762     0.000
   -17.500    35.762     0.000
   -12.500    35.762     0.000
    -7.500    35.762     0.003
    -2.500    35.762     0.392
     2.500    35.762     0.392
     7.500    35.762     0.003
    12.500    35.762     0.000
    17.500    35.762     0.000
    22.500    35.762     0.000
    27.500    35.762     0.000
    32.500    35.762     0.000
    37.500    35.762     0.000
    42.500    35.762     0.000
    47.500    35.762     0.000
    52.500    35.762     0.000
    57.500    35.762     0.000
    62.500    35.762     0.000
    67.500    35.762     0.000
    72.500    35.762     0.000
    77.500    35.762     0.000
    82.500    35.762     0.003
    87.500    35.762     0.392
    92.500    35.762     0.392
    97.500    35.762     0.003
   102.500    35.762     0.000
   107.500    35.762     0.000
   112.500    35.762     0.000
   117.500    35.762     0.000
   122.500    35.762     0.000
   127.500    35.762     0.000
   132.500    35.762     0.000
   137.500    35.762     0.000
   142.500    35.762     0.000
   147.500    35.762     0.000
   152.500    35.762     0.000
   157.500    35.762     0.000
   162.500    35.762     0.000
   167.500    35.762     0.000
   172.500    35.762     0.003
   177.500    35.762     0.392
   182.500    35.762     0.392
  -182.500    40.474     0.029
  -177.500    40.474     0.029
  -172.500    40.474     0.000
  -167.500    40.474     0.000
  -162.500    40.474     0.000
  -157.500    40.474     0.000
  -152.500    40.474     0.000
  -147.500    40.474     0.000
  -142.500    40.474     0.000
  -137.500    40.474     0.000
  -132.500    40.474     0.000
  -127.500    40.474     0.000
  -122.500    40.474     0.000
  -117.500    40.474     0.000
  -112.500    40.474     0.000
  -107.500    40.474     0.000
  -102.500    40.474     0.000
   -97.500    40.474     0.000
   -92.500    40.474     0.029
   -87.500    40.474     0.029
   -82.500    40.474     0.000
   -77.500    40.474     0.000
   -72.500    40.474     0.000
   -67.500    40.474     0.000
   -62.500    40.474     0.000
   -57.500    40.474     0.000
   -52.500    40.474     0.000
   -47.500    40.474     0.000
   -42.500    40.474     0.000
   -37.500    40.474     0.000
   -32.500    40.474     0.000
   -27.500    40.474     0.000
   -22.500    40.474     0.000
   -17.500    40.474     0.000
   -12.500    40.474     0.000
    -7.500    40.474     0.000
    -2.500    40.474     0.029
     2.500    40.474     0.029
     7.500    40.474     0.000
    12.500    40.474     0.000
    17.500    40.474     0.000
    22.500    40.474     0.000
    27.500    40.474     0.000
    32.500    40.474     0.000
    37.500    40.474     0.000
    42.500    40.474     0.000
    47.500    40.474     0.000
    52.500    40.474     0.000
    57.500    40.474     0.000
    62.500    40.474     0.000
    67.500    40.474     0.000
    72.500    40.474     0.000
    77.500    40.474     0.000
    82.500    40.474     0.000
    87.500    40.474     0.029
    92.500    40.474     0.029
    97.500    40.474     0.000
   102.500    40.474     0.000
   107.500    40.474     0.000
   112.500    40.474     0.000
   117.500    40.474     0.000
   122.500    40.474     0.000
   127.500    40.474     0.000
   132.500    40.474     0.000
   137.500    40.474     0.000
   142.500    40.474     0.000
   147.500    40.474     0.000
   152.500    40.474     0.000
   157.500    40.474     0.000
   162.500    40.474     0.000
   167.500    40.474     0.000
   172.500    40.474     0.000
   177.500    40.474     0.029
   182.500    40.474     0.029
  -182.500    45.187     0.069
  -177.500    45.187     0.069
  -172.500    45.187     0.000
  -167.500    45.187     0.000
  -162.500    45.187     0.000
  -157.500    45.187     0.000
  -152.500    45.187     0.000
  -147.500    45.187     0.000
  -142.500    45.187     0.000
  -137.500    45.187     0.000
  -132.500    45.187     0.000
  -127.500    45.187     0.000
  -122.500    45.187     0.000
  -117.500    45.187     0.000
  -112.500    45.187     0.000
  -107.500    45.187     0.000
  -102.500    45.187     0.000
   -97.500    45.187     0.000
   -92.500    45.187     0.069
   -87.500    45.187     0.069
   -82.500    45.187     0.000
   -77.500    45.187     0.000
   -72.500    45.187     0.000
   -67.500    45.187     0.000
   -62.500    45.187     0.000
   -57.500    45.187     0.000
   -52.500    45.187     0.000
   -47.500    45.187     0.000
   -42.500    45.187     0.000
   -37.500    45.187     0.000
   -32.500    45.187     0.000
   -27.500    45.187     0.000
   -22.500    45.187     0.000
   -17.500    45.187     0.000
   -12.500    45.187     0.000
    -7.500    45.187     0.000
    -2.500    45.187     0.069
     2.500    45.187     0.069
     7.500    45.187     0.000
    12.500    45.187     0.000
    17.500    45.187     0.000
    22.500    45.187     0.000
    27.500    45.187     0.000
    32.500    45.187     0.000
    37.500    45.187     0.000
    42.500    45.187     0.000
    47.500    45.187     0.000
    52.500    45.187     0.000
    57.500    45.187     0.000
    62.500    45.187     0.000
    67.500    45.187     0.000
    72.500    45.187     0.000
    77.500    45.187     0.000
    82.500    45.187     0.000
    87.500    45.187     0.069
    92.500    45.187     0.069
    97.500    45.187     0.000
   102.500    45.187     0.000
   107.500    45.187     0.000
   112.500    45.187     0.000
   117.500    45.187     0.000
   122.500    45.187     0.000
   127.500    45.187     0.000
   132.500    45.187     0.000
   137.500    45.187     0.000
   142.500    45.187     0.000
   147.500    45.187     0.000
   152.500    45.187     0.000
   157.500    45.187     0.000
   162.500    45.187     0.000
   167.500    45.187     0.000
   172.500    45.187     0.000
   177.500    45.187     0.069
   182.500    45.187     0.069
  -182.500    49.902     0.028
  -177.500    49.902     0.028
  -172.500    49.902     0.000
  -167.500    49.902     0.000
  -162.500    49.902     0.000
  -157.500    49.902     0.000
  -152.500    49.902     0.000
  -147.500    49.902     0.000
  -142.500    49.902     0.000
  -137.500    49.902     0.000
  -132.500    49.902     0.000
  -127.500    49.902     0.000
  -122.500    49.902     0.000
  -117.500    49.902     0.000
  -112.500    49.902     0.000
  -107.500    49.902     0.000
  -102.500    49.902     0.000
   -97.500    49.902     0.000
   -92.500    49.902     0.028
   -87.500    49.902     0.028
   -82.500    49.902     0.000
   -77.500    49.902     0.000
   -72.500    49.902     0.000
   -67.500    49.902     0.000
   -62.500    49.902     0.000
   -57.500    49.902     0.000
   -52.500    49.902     0.000
   -47.500    49.902     0.000
   -42.500    49.902     0.000
   -37.500    49.902     0.000
   -32.500    49.902     0.000
   -27.500    49.902     0.000
   -22.500    49.902     0.000
   -17.500    49.902     0.000
   -12.500    49.902     0.000
    -7.500    49.902     0.000
    -2.500    49.902     0.028
     2.500    49.902     0.028
     7.500    49.902     0.000
    12.500    49.902     0.000
    17.500    49.902     0.000
    22.500    49.902     0.000
    27.500    49.902     0.000
    32.500    49.902     0.000
    37.500    49.902     0.000
    42.500    49.902     0.000
    47.500    49.902     0.000
    52.500    49.902     0.000
    57.500    49.902     0.000
    62.500    49.902     0.000
    67.500    49.902     0.000
    72.500    49.902     0.000
    77.500    49.902     0.000
    82.500    49.902     0.000
    87.500    49.902     0.028
    92.500    49.902     0.028
    97.500    49.902     0.000
   102.500    49.902     0.000
   107.500    49.902     0.000
   112.500    49.902     0.000
   117.500    49.902     0.000
   122.500    49.902     0.000
   127.500    49.902     0.000
   132.500    49.902     0.000
   137.500    49.902     0.000
   142.500    49.902     0.000
   147.500    49.902     0.000
   152.500    49.902     0.000
   157.500    49.902     0.000
   162.500    49.902     0.000
   167.500    49.902     0.000
   172.500    49.902     0.000
   177.500    49.902     0.028
   182.500    49.902     0.028
  -182.500    54.618     0.332
  -177.500    54.618     0.332
  -172.500    54.618     0.000
  -167.500    54.618     0.000
  -162.500    54.618     0.000
  -157.500    54.618     0.000
  -152.500    54.618     0.000
  -147.500    54.618     0.000
  -142.500    54.618     0.000
  -137.500    54.618     0.000
  -132.500    54.618     0.000
  -127.500    54.618     0.000
  -122.500    54.618     0.000
  -117.500    54.618     0.000
  -112.500    54.618     0.000
  -107.500    54.618     0.000
  -102.500    54.618     0.000
   -97.500    54.618     0.000
   -92.500    54.618     0.332
   -87.500    54.618     0.332
   -82.500    54.618     0.000
   -77.500    54.618     0.000
   -72.500    54.618     0.000
   -67.500    54.618     0.000
   -62.500    54.618     0.000
   -57.500    54.618     0.000
   -52.500    54.618     0.000
   -47.500    54.618     0.000
   -42.500    54.618     0.000
   -37.500    54.618     0.000
   -32.500    54.618     0.000
   -27.500    54.618     0.000
   -22.500    54.618     0.000
   -17.500    54.618     0.000
   -12.500    54.618     0.000
    -7.500    54.618     0.000
    -2.500    54.618     0.332
     2.500    54.618     0.332
     7.500    54.618     0.000
    12.500    54.618     0.000
    17.500    54.618     0.000
    22.500    54.618     0.000
    27.500    54.618     0.000
    32.500    54.618     0.000
    37.500    54.618     0.000
    42.500    54.618     0.000
    47.500    54.618     0.000
    52.500    54.618     0.000
    57.500    54.618     0.000
    62.500    54.618     0.000
    67.500    54.618     0.000
    72.500    54.618     0.000
    77.500    54.618     0.000
    82.500    54.618     0.000
    87.500    54.618     0.332
    92.500    54.618     0.332
    97.500    54.618     0.000
   102.500    54.618     0.000
   107.500    54.618     0.000
   112.500    54.618     0.000
   117.500    54.618     0.000
   122.500    54.618     0.000
   127.500    54.618     0.000
   132.500    54.618     0.000
   137.500    54.618     0.000
   142.500    54.618     0.000
   147.500    54.618     0.000
   152.500    54.618     0.000
   157.500    54.618     0.000
   162.500    54.618     0.000
   167.500    54.618     0.000
   172.500    54.618     0.000
   177.500    54.618     0.332
   182.500    54.618     0.332
  -182.500    59.334     1.659
  -177.500    59.334     1.659
  -172.500    59.334     0.001
  -167.500    59.334     0.000
  -162.500    59.334     0.000
  -157.500    59.334     0.000
  -152.500    59.334     0.000
  -147.500    59.334     0.000
  -142.500    59.334     0.000
  -137.500    59.334     0.000
  -132.500    59.334     0.000
  -127.500    59.334     0.000
  -122.500    59.334     0.000
  -117.500    59.334     0.000
  -112.500    59.334     0.000
  -107.500    59.334     0.000
  -102.500    59.334     0.000
   -97.500    59.334     0.001
   -92.500    59.334     1.659
   -87.500    59.334     1.659
   -82.500    59.334     0.001
   -77.500    59.334     0.000
   -72.500    59.334     0.000
   -67.500    59.334     0.000
   -62.500    59.334     0.000
   -57.500    59.334     0.000
   -52.500    59.334     0.000
   -47.500    59.334     0.000
   -42.500    59.334     0.000
   -37.500    59.334     0.000
   -32.500    59.334     0.000
   -27.500    59.334     0.000
   -22.500    59.334     0.000
   -17.500    59.334     0.000
   -12.500    59.334     0.000
    -7.500    59.334     0.001
    -2.500    59.334     1.659
     2.500    59.334     1.659
     7.500    59.334     0.001
    12.500    59.334     0.000
    17.500    59.334     0.000
    22.500    59.334     0.000
    27.500    59.334     0.000
    32.500    59.334     0.000
    37.500    59.334     0.000
    42.500    59.334     0.000
    47.500    59.334     0.000
    52.500    59.334     0.000
    57.500    59.334     0.000
    62.500    59.334     0.000
    67.500    59.334     0.000
    72.500    59.334     0.000
    77.500    59.334     0.000
    82.500    59.334     0.001
    87.500    59.334     1.659
    92.500    59.334     1.659
    97.500    59.334     0.001
   102.500    59.334     0.000
   107.500    59.334     0.000
   112.500    59.334     0.000
   117.500    59.334     0.000
   122.500    59.334     0.000
   127.500    59.334     0.000
   132.500    59.334     0.000
   137.500    59.334     0.000
   142.500    59.334     0.000
   147.500    59.334     0.000
   152.500    59.334     0.000
   157.500    59.334     0.000
   162.500    59.334     0.000
   167.500    59.334     0.000
   172.500    59.334     0.001
   177.500    59.334     1.659
   182.500    59.334     1.659
  -182.500    64.051     4.112
  -177.500    64.051     4.112
  -172.500    64.051     0.003
  -167.500    64.051     0.000
  -162.500    64.051     0.000
  -157.500    64.051     0.000
  -152.500    64.051     0.000
  -147.500    64.051     0.000
  -142.500    64.051     0.000
  -137.500    64.051     0.000
  -132.500    64.051     0.000
  -127.500    64.051     0.000
  -122.500    64.051     0.000
  -117.500    64.051     0.000
  -112.500    64.051     0.000
  -107.500    64.051     0.000
  -102.500    64.051     0.000
   -97.500    64.051     0.003
   -92.500    64.051     4.112
   -87.500    64.051     4.112
   -82.500    64.051     0.003
   -77.500    64.051     0.000
   -72.500    64.051     0.000
   -67.500    64.051     0.000
   -62.500    64.051     0.000
   -57.500    64.051     0.000
   -52.500    64.051     0.000
   -47.500    64.051     0.000
   -42.500    64.051     0.000
   -37.500    64.051     0.000
   -32.500    64.051     0.000
   -27.500    64.051     0.000
   -22.500    64.051     0.000
   -17.500    64.051     0.000
   -12.500    64.051     0.000
    -7.500    64.051     0.003
    -2.500    64.051     4.112
     2.500    64.051     4.112
     7.500    64.051     0.003
    12.500    64.051     0.000
    17.500    64.051     0.000
    22.500    64.051     0.000
    27.500    64.051     0.000
    32.500    64.051     0.000
    37.500    64.051     0.000
    42.500    64.051     0.000
    47.500    64.051     0.000
    52.500    64.051     0.000
    57.500    64.051     0.000
    62.500    64.051     0.000
    67.500    64.051     0.000
    72.500    64.051     0.000
    77.500    64.051     0.000
    82.500    64.051     0.003
    87.500    64.051     4.112
    92.500    64.051     4.112
    97.500    64.051     0.003
   102.500    64.051     0.000
   107.500    64.051     0.000
   112.500    64.051     0.000
   117.500    64.051     0.000
   122.500    64.051     0.000
   127.500    64.051     0.000
   132.500    64.051     0.000
   137.500    64.051     0.000
   142.500    64.051     0.000
   147.500    64.051     0.000
   152.500    64.051     0.000
   157.500    64.051     0.000
   162.500    64.051     0.000
   167.500    64.051     0.000
   172.500    64.051     0.003
   177.500    64.051     4.112
   182.500    64.051     4.112
  -182.500    68.769     6.555
  -177.500    68.769     6.555
  -172.500    68.769     0.049
  -167.500    68.769     0.000
  -162.500    68.769     0.000
  -157.500    68.769     0.000
  -152.500    68.769     0.000
  -147.500    68.769     0.000
  -142.500    68.769     0.000
  -137.500    68.769     0.000
  -132.500    68.769     0.000
  -127.500    68.769     0.000
  -122.500    68.769     0.000
  -117.500    68.769     0.000
  -112.500    68.769     0.000
  -107.500    68.769     0.000
  -102.500    68.769     0.000
   -97.500    68.769     0.049
   -92.500    68.769     6.555
   -87.500    68.769     6.555
   -82.500    68.769     0.049
   -77.500    68.769     0.000
   -72.500    68.769     0.000
   -67.500    68.769     0.000
   -62.500    68.769     0.000
   -57.500    68.769     0.000
   -52.500    68.769     0.000
   -47.500    68.769     0.000
   -42.500    68.769     0.000
   -37.500    68.769     0.000
   -32.500    68.769     0.000
   -27.500    68.769     0.000
   -22.500    68.769     0.000
   -17.500    68.769     0.000
   -12.500    68.769     0.000
    -7.500    68.769     0.049
    -2.500    68.769     6.555
     2.500    68.769     6.555
     7.500    68.769     0.049
    12.500    68.769     0.000
    17.500    68.769     0.000
    22.500    68.769     0.000
    27.500    68.769     0.000
    32.500    68.769     0.000
    37.500    68.769     0.000
    42.500    68.769     0.000
    47.500    68.769     0.000
    52.500    68.769     0.000
    57.500    68.769     0.000
    62.500    68.769     0.000
    67.500    68.769     0.000
    72.500    68.769     0.000
    77.500    68.769     0.000
    82.500    68.769     0.049
    87.500    68.769     6.555
    92.500    68.769     6.555
    97.500    68.769     0.049
   102.500    68.769     0.000
   107.500    68.769     0.000
   112.500    68.769     0.000
   117.500    68.769     0.000
   122.500    68.769     0.000
   127.500    68.769     0.000
   132.500    68.769     0.000
   137.500    68.769     0.000
   142.500    68.769     0.000
   147.500    68.769     0.000
   152.500    68.769     0.000
   157.500    68.769     0.000
   162.500    68.769     0.000
   167.500    68.769     0.000
   172.500    68.769     0.049
   177.500    68.769     6.555
   182.500    68.769     6.555
  -182.500    73.487     8.128
  -177.500    73.487     8.128
  -172.500    73.487     0.465
  -167.500    73.487     0.002
  -162.500    73.487     0.000
  -157.500    73.487     0.000
  -152.500    73.487     0.000
  -147.500    73.487     0.000
  -142.500    73.487     0.000
  -137.500    73.487     0.000
  -132.500    73.487     0.000
  -127.500    73.487     0.000
  -122.500    73.487     0.000
  -117.500    73.487     0.000
  -112.500    73.487     0.000
  -107.500    73.487     0.000
  -102.500    73.487     0.002
   -97.500    73.487     0.465
   -92.500    73.487     8.128
   -87.500    73.487     8.128
   -82.500    73.487     0.465
   -77.500    73.487     0.002
   -72.500    73.487     0.000
   -67.500    73.487     0.000
   -62.500    73.487     0.000
   -57.500    73.487     0.000
   -52.500    73.487     0.000
   -47.500    73.487     0.000
   -42.500    73.487     0.000
   -37.500    73.487     0.000
   -32.500    73.487     0.000
   -27.500    73.487     0.000
   -22.500    73.487     0.000
   -17.500    73.487     0.000
   -12.500    73.487     0.002
    -7.500    73.487     0.465
    -2.500    73.487     8.128
     2.500    73.487     8.128
     7.500    73.487     0.465
    12.500    73.487     0.002
    17.500    73.487     0.000
    22.500    73.487     0.000
    27.500    73.487     0.000
    32.500    73.487     0.000
    37.500    73.487     0.000
    42.500    73.487     0.000
    47.500    73.487     0.000
    52.500    73.487     0.000
    57.500    73.487     0.000
    62.500    73.487     0.000
    67.500    73.487     0.000
    72.500    73.487     0.000
    77.500    73.487     0.002
    82.500    73.487     0.465
    87.500    73.487     8.128
    92.500    73.487     8.128
    97.500    73.487     0.465
   102.500    73.487     0.002
   107.500    73.487     0.000
   112.500    73.487     0.000
   117.500    73.487     0.000
   122.500    73.487     0.000
   127.500    73.487     0.000
   132.500    73.487     0.000
   137.500    73.487     0.000
   142.500    73.487     0.000
   147.500    73.487     0.000
   152.500    73.487     0.000
   157.500    73.487     0.000
   162.500    73.487     0.000
   167.500    73.487     0.002
   172.500    73.487     0.465
   177.500    73.487     8.128
   182.500    73.487     8.128
  -182.500    78.205     5.488
  -177.500    78.205     5.488
  -172.500    78.205     2.613
  -167.500    78.205     0.178
  -162.500    78.205     0.001
  -157.500    78.205     0.000
  -152.500    78.205     0.000
  -147.500    78.205     0.000
  -142.500    78.205     0.000
  -137.500    78.205     0.000
  -132.500    78.205     0.000
  -127.500    78.205     0.000
  -122.500    78.205     0.000
  -117.500    78.205     0.000
  -112.500    78.205     0.000
  -107.500    78.205     0.001
  -102.500    78.205     0.178
   -97.500    78.205     2.613
   -92.500    78.205     5.488
   -87.500    78.205     5.488
   -82.500    78.205     2.613
   -77.500    78.205     0.178
   -72.500    78.205     0.001
   -67.500    78.205     0.000
   -62.500    78.205     0.000
   -57.500    78.205     0.000
   -52.500    78.205     0.000
   -47.500    78.205     0.000
   -42.500    78.205     0.000
   -37.500    78.205     0.000
   -32.500    78.205     0.000
   -27.500    78.205     0.000
   -22.500    78.205     0.000
   -17.500    78.205     0.001
   -12.500    78.205     0.178
    -7.500    78.205     2.613
    -2.500    78.205     5.488
     2.500    78.205     5.488
     7.500    78.205     2.613
    12.500    78.205     0.178
    17.500    78.205     0.001
    22.500    78.205     0.000
    27.500    78.205     0.000
    32.500    78.205     0.000
    37.500    78.205     0.000
    42.500    78.205     0.000
    47.500    78.205     0.000
    52.500    78.205     0.000
    57.500    78.205     0.000
    62.500    78.205     0.000
    67.500    78.205     0.000
    72.500    78.205     0.001
    77.500    78.205     0.178
    82.500    78.205     2.613
    87.500    78.205     5.488
    92.500    78.205     5.488
    97.500    78.205     2.613
   102.500    78.205     0.178
   107.500    78.205     0.001
   112.500    78.205     0.000
   117.500    78.205     0.000
   122.500    78.205     0.000
   127.500    78.205     0.000
   132.500    78.205     0.000
   137.500    78.205     0.000
   142.500    78.205     0.000
   147.500    78.205     0.000
   152.500    78.205     0.000
   157.500    78.205     0.000
   162.500    78.205     0.001
   167.500    78.205     0.178
   172.500    78.205     2.613
   177.500    78.205     5.488
   182.500    78.205     5.488
  -182.500    82.923     3.727
  -177.500    82.923     3.727
  -172.500    82.923     6.021
  -167.500    82.923     2.390
  -162.500    82.923     0.337
  -157.500    82.923     0.027
  -152.500    82.923     0.002
  -147.500    82.923     0.000
  -142.500    82.923     0.000
  -137.500    82.923     0.000
  -132.500    82.923     0.000
  -127.500    82.923     0.000
  -122.500    82.923     0.000
  -117.500    82.923     0.002
  -112.500    82.923     0.027
  -107.500    82.923     0.337
  -102.500    82.923     2.390
   -97.500    82.923     6.021
   -92.500    82.923     3.727
   -87.500    82.923     3.727
   -82.500    82.923     6.021
   -77.500    82.923     2.390
   -72.500    82.923     0.337
   -67.500    82.923     0.027
   -62.500    82.923     0.002
   -57.500    82.923     0.000
   -52.500    82.923     0.000
   -47.500    82.923     0.000
   -42.500    82.923     0.000
   -37.500    82.923     0.000
   -32.500    82.923     0.000
   -27.500    82.923     0.002
   -22.500    82.923     0.027
   -17.500    82.923     0.337
   -12.500    82.923     2.390
    -7.500    82.923     6.021
    -2.500    82.923     3.727
     2.500    82.923     3.727
     7.500    82.923     6.021
    12.500    82.923     2.390
    17.500    82.923     0.337
    22.500    82.923     0.027
    27.500    82.923     0.002
    32.500    82.923     0.000
    37.500    82.923     0.000
    42.500    82.923     0.000
    47.500    82.923     0.000
    52.500    82.923     0.000
    57.500    82.923     0.000
    62.500    82.923     0.002
    67.500    82.923     0.027
    72.500    82.923     0.337
    77.500    82.923     2.390
    82.500    82.923     6.021
    87.500    82.923     3.727
    92.500    82.923     3.727
    97.500    82.923     6.021
   102.500    82.923     2.390
   107.500    82.923     0.337
   112.500    82.923     0.027
   117.500    82.923     0.002
   122.500    82.923     0.000
   127.500    82.923     0.000
   132.500    82.923     0.000
   137.500    82.923     0.000
   142.500    82.923     0.000
   147.500    82.923     0.000
   152.500    82.923     0.002
   157.500    82.923     0.027
   162.500    82.923     0.337
   167.500    82.923     2.390
   172.500    82.923     6.021
   177.500    82.923     3.727
   182.500    82.923     3.727
  -182.500    87.641     4.613
  -177.500    87.641     4.762
  -172.500    87.641     3.738
  -167.500    87.641     5.950
  -162.500    87.641     8.282
  -157.500    87.641     5.783
  -152.500    87.641     3.020
  -147.500    87.641     0.917
  -142.500    87.641     0.092
  -137.500    87.641     0.029
  -132.500    87.641     0.029
  -127.500    87.641     0.092
  -122.500    87.641     0.917
  -117.500    87.641     3.020
  -112.500    87.641     5.783
  -107.500    87.641     8.282
  -102.500    87.641     5.950
   -97.500    87.641     3.738
   -92.500    87.641     4.613
   -87.500    87.641     4.762
   -82.500    87.641     3.738
   -77.500    87.641     5.950
   -72.500    87.641     8.282
   -67.500    87.641     5.783
   -62.500    87.641     3.020
   -57.500    87.641     0.917
   -52.500    87.641     0.092
   -47.500    87.641     0.029
   -42.500    87.641     0.029
   -37.500    87.641     0.092
   -32.500    87.641     0.917
   -27.500    87.641     3.020
   -22.500    87.641     5.783
   -17.500    87.641     8.282
   -12.500    87.641     5.950
    -7.500    87.641     3.738
    -2.500    87.641     4.615
     2.500    87.641     4.760
     7.500    87.641     3.738
    12.500    87.641     5.950
    17.500    87.641     8.282
    22.500    87.641     5.783
    27.500    87.641     3.020
    32.500    87.641     0.917
    37.500    87.641     0.092
    42.500    87.641     0.029
    47.500    87.641     0.029
    52.500    87.641     0.092
    57.500    87.641     0.917
    62.500    87.641     3.020
    67.500    87.641     5.783
    72.500    87.641     8.282
    77.500    87.641     5.950
    82.500    87.641     3.738
    87.500    87.641     4.687
    92.500    87.641     4.687
    97.500    87.641     3.738
   102.500    87.641     5.950
   107.500    87.641     8.282
   112.500    87.641     5.783
   117.500    87.641     3.020
   122.500    87.641     0.917
   127.500    87.641     0.092
   132.500    87.641     0.029
   137.500    87.641     0.029
   142.500    87.641     0.092
   147.500    87.641     0.917
   152.500    87.641     3.020
   157.500    87.641     5.783
   162.500    87.641     8.282
   167.500    87.641     5.950
   172.500    87.641     3.738
   177.500    87.641     4.613
   182.500    87.641     4.762
  -182.500    92.359     4.615
  -177.500    92.359     4.760
  -172.500    92.359     3.738
  -167.500    92.359     5.950
  -162.500    92.359     8.282
  -157.500    92.359     5.783
  -152.500    92.359     3.020
  -147.500    92.359     0.917
  -142.500    92.359     0.092
  -137.500    92.359     0.029
  -132.500    92.359     0.029
  -127.500    92.359     0.092
  -122.500    92.359     0.917
  -117.500    92.359     3.020
  -112.500    92.359     5.783
  -107.500    92.359     8.282
  -102.500    92.359     5.950
   -97.500    92.359     3.738
   -92.500    92.359     4.687
   -87.500    92.359     4.687
   -82.500    92.359     3.738
   -77.500    92.359     5.950
   -72.500    92.359     8.282
   -67.500    92.359     5.783
   -62.500    92.359     3.020
   -57.500    92.359     0.917
   -52.500    92.359     0.092
   -47.500    92.359     0.029
   -42.500    92.359     0.029
   -37.500    92.359     0.092
   -32.500    92.359     0.917
   -27.500    92.359     3.020
   -22.500    92.359     5.783
   -17.500    92.359     8.282
   -12.500    92.359     5.950
    -7.500    92.359     3.738
    -2.500    92.359     4.613
     2.500    92.359     4.762
     7.500    92.359     3.738
    12.500    92.359     5.950
    17.500    92.359     8.282
    22.500    92.359     5.783
    27.500    92.359     3.020
    32.500    92.359     0.917
    37.500    92.359     0.092
    42.500    92.359     0.029
    47.500    92.359     0.029
    52.500    92.359     0.092
    57.500    92.359     0.917
    62.500    92.359     3.020
    67.500    92.359     5.783
    72.500    92.359     8.282
    77.500    92.359     5.950
    82.500    92.359     3.738
    87.500    92.359     4.613
    92.500    92.359     4.762
    97.500    92.359     3.738
   102.500    92.359     5.950
   107.500    92.359     8.282
   112.500    92.359     5.783
   117.500    92.359     3.020
   122.500    92.359     0.917
   127.500    92.359     0.092
   132.500    92.359     0.029
   137.500    92.359     0.029
   142.500    92.359     0.092
   147.500    92.359     0.917
   152.500    92.359     3.020
   157.500    92.359     5.783
   162.500    92.359     8.282
   167.500    92.359     5.950
   172.500    92.359     3.738
   177.500    92.359     4.615
   182.500    92.359     4.760
