g15fb
   8   next lines in POLE8.OUT is text
2008/ 9/18  16:30
xxx.tex                                                                         
* CUBIC crystal
* inverse pole figure
* stereograph projectn



 1 (dot representation)
  2.25 (pole figure radious)
 0 (pole figure symmetrization)
 1 (invers pole figure)

    1    1  npoles,ntextures
  0  0  1     sample axis
   48   points in the circular section
    0.0000    2.2500    2.2499    2.2496    2.2490    2.2483    2.2473    2.2461
    2.2447    2.2430    2.2412    2.2391    2.2368    2.2342    2.2314    2.2284
    2.2252    2.2217    2.2179    2.2140    2.2097    2.2052    2.2005    2.1955
    2.1902    2.1846    2.1788    2.1727    2.1662    2.1595    2.1525    2.1451
    2.1374    2.1294    2.1210    2.1123    2.1032    2.0937    2.0838    2.0735
    2.0627    2.0515    2.0399    2.0278    2.0151    2.0020    1.9882    0.0000
    0.0000    0.0000    0.0408    0.0817    0.1225    0.1634    0.2043    0.2453
    0.2863    0.3273    0.3684    0.4097    0.4509    0.4923    0.5338    0.5754
    0.6172    0.6590    0.7010    0.7432    0.7855    0.8280    0.8707    0.9135
    0.9566    0.9999    1.0435    1.0872    1.1313    1.1756    1.2202    1.2651
    1.3103    1.3559    1.4018    1.4481    1.4948    1.5419    1.5894    1.6374
    1.6859    1.7348    1.7843    1.8344    1.8850    1.9363    1.9882    0.0000
 weight  npoles
   1     0  wgt & npoles
   2     0  wgt & npoles
   3     0  wgt & npoles
   4     0  wgt & npoles
   5     0  wgt & npoles
   6     0  wgt & npoles
   7     0  wgt & npoles
   8     0  wgt & npoles
   9     0  wgt & npoles
  10  1543  wgt & npoles
    0.0000    0.0000    0.0000    0.0000    0.0000    0.0000    0.0000    0.0000
    0.1317    0.5754    0.7709    0.0987    0.4548    0.9405    0.1187    0.3724
    0.8942    0.6770    0.0275    0.0275    1.3116    0.2647    0.1121    0.9536
    0.3383    1.5806    1.1952    0.3327    1.0859    0.5359    0.7152    0.8613
    0.7092    0.3011    0.4989    0.8912    1.2555    0.7283    0.0956    1.0298
    0.8326    0.6257    0.9799    0.2178    0.5394    0.8286    0.8926    0.8889
    0.7917    1.2107    0.8422    0.1394    0.6921    1.3644    1.0771    1.4465
    0.6793    0.3416    0.1968    0.1888    0.6669    0.3599    0.8015    0.6309
    0.8624    0.8200    0.6897    1.0328    0.7582    0.7247    0.6395    0.6117
    0.6155    1.1294    0.8477    0.3134    0.6510    0.3009    1.2369    0.3453
    0.8151    0.7064    1.2979    0.8687    0.4357    0.4972    0.0000    0.0000
    0.0000    0.0000    0.0000    0.0000    0.0000    0.0000    0.2557    0.3347
    0.7030    1.3205    0.4908    1.2552    0.9040    0.4203    0.7942    0.7939
    0.5089    0.4809    1.3061    0.8821    0.6696    0.1346    1.4906    1.2480
    1.1060    0.6431    0.7953    1.2527    0.7095    0.4338    1.0803    0.6553
    0.0161    0.0161    0.4934    1.0022    0.9567    0.0977    0.0977    0.7035
    1.0162    0.4535    0.6629    1.3706    1.4697    1.0913    0.6888    1.1596
    0.9020    0.4981    0.2400    0.7536    1.0556    0.6699    0.6644    0.7520
    0.7916    0.5790    0.7597    0.8606    0.6032    1.1223    0.7448    0.3488
    0.9156    0.8181    0.2768    1.0438    0.6947    1.0136    0.4194    0.0891
    0.0891    0.6463    0.8826    0.1544    0.5544    0.7217    1.2845    0.6913
    0.3694    1.0676    0.6166    0.9016    1.2041    0.7382    0.5004    0.1327
    0.6771    0.8185    0.7253    0.6082    0.9138    0.6113    0.7407    0.0436
    0.0436    0.9384    0.0218    0.0218    0.6226    1.2554    0.5566    0.9999
    0.8176    1.1207    0.1346    0.6281    1.2560    0.2416    0.9269    0.6158
    0.9808    0.6236    0.0872    0.0872    0.5059    0.6823    0.8459    0.9349
    0.7648    0.6852    0.8243    1.0361    1.0259    0.6700    0.7497    0.4798
    0.3374    1.5878    0.3770    0.6120    1.3011    0.6429    0.4113    0.9663
    0.0730    0.0730    0.6933    1.1635    1.1892    1.2479    0.2674    1.0355
    0.1016    0.6869    0.1279    1.4874    0.0702    0.0702    0.6521    0.8919
    1.2924    0.3865    0.0526    0.0526    1.2447    0.4236    0.7817    0.7530
    1.4619    0.1202    0.8020    0.9919    0.0365    0.0365    0.6681    0.6043
    0.0147    0.0147    1.1763    0.6646    0.9719    0.3653    0.7991    0.1567
    1.4873    0.6564    0.6712    0.5151    1.0286    0.0204    0.0204    1.2352
    1.2055    0.2740    0.4899    0.3193    0.1244    1.1469    0.7551    0.1368
    0.8840    1.8402    0.7941    0.2247    0.6658    1.1724    0.5946    0.6787
    0.1104    0.1120    0.5327    0.7128    0.7429    0.2065    1.3158    0.0000
    0.0000    0.0000    0.0000    0.0000    0.0000    0.0000    0.0000    1.0988
    0.6534    0.4278    0.8735    0.7369    1.2573    0.8227    0.3339    0.7904
    0.9414    1.0235    0.1152    0.1152    0.6024    0.6412    0.2176    0.8896
    0.4549    0.7462    1.0274    0.3670    1.2410    0.0204    0.0204    0.7189
    1.2225    0.1178    0.7571    0.9213    0.7269    0.2247    1.3068    0.5083
    1.3816    0.8495    0.3740    0.8816    0.6701    0.9031    0.8151    0.6288
    0.8869    0.4353    0.5812    0.7551    0.0977    0.0977    0.6237    0.7438
    0.2839    0.0934    0.0934    0.4871    0.8298    1.4395    0.6339    0.6477
    1.3415    0.8288    0.6963    1.3259    0.9952    0.6199    1.5339    0.3364
    0.8039    0.1090    0.1090    1.3522    1.0279    1.1820    0.7605    0.6134
    0.8549    0.9056    0.5905    1.2981    0.1670    1.2826    0.3543    0.2785
    1.2100    0.9171    0.3370    0.2913    0.6498    0.2026    0.0744    0.0744
    1.0767    0.1814    0.1095    0.5173    0.5887    0.9055    0.9582    0.9569
    0.7129    0.7076    0.8646    0.0337    0.0337    1.2252    0.7150    0.1873
    0.1071    0.5981    0.7049    0.4602    0.7437    0.9802    0.6510    1.0843
    0.7889    0.2582    0.7446    0.5740    1.0042    0.1653    0.7349    0.9301
    1.0260    0.8786    1.4616    0.8569    0.1560    0.6721    0.2329    0.7453
    0.2951    0.7548    0.6845    1.5051    1.1123    0.7618    0.1242    0.4639
    0.9663    0.9719    1.0263    0.4133    0.1861    1.0094    0.7034    0.6871
    0.5349    0.1142    1.2911    0.1479    0.7223    0.0000    0.0000    0.0000
    0.0000    0.0000    0.0000    0.0000    0.0000    0.6819    0.8904    0.3297
    1.2671    0.1344    0.9201    0.8654    0.9825    1.2910    0.4647    0.0830
    0.0830    0.8399    0.1231    0.3038    0.7404    0.1962    0.3192    0.5615
    0.6718    0.4508    1.0599    0.9971    0.6324    0.6324    1.1099    0.4929
    0.5966    1.2448    0.5511    0.7949    0.7067    0.9626    0.1794    1.8518
    1.0581    0.9305    0.1478    0.1951    0.3047    0.0991    0.0991    0.7075
    1.1619    0.9336    0.2598    0.7147    0.7553    1.1685    0.8410    1.2173
    0.6611    1.4056    0.1578    1.0434    0.6131    0.5814    0.7857    0.1614
    0.5496    0.7750    1.2275    1.3468    0.4957    1.0200    0.0801    0.0801
    0.0977    0.0977    0.9317    1.2997    0.5294    0.9127    0.8915    0.7394
    0.9590    1.1346    0.5373    0.8661    1.3410    0.1420    0.0246    0.0246
    0.9047    1.0544    0.5658    0.7140    0.6293    0.9509    0.7723    0.0583
    0.0583    0.7401    1.2336    0.1902    0.7761    0.7161    0.4098    0.5758
    0.9703    0.9582    1.1383    0.6747    1.0725    1.1137    0.1152    0.1152
    1.1455    0.6606    0.6733    0.2783    1.7817    0.0365    0.0365    0.6690
    0.9543    0.8533    0.8176    0.2719    0.1898    0.8732    1.4961    1.4651
    0.6837    1.0435    0.7256    1.0817    0.0716    0.0716    0.1152    0.1152
    0.8284    0.6463    0.8195    0.6979    1.0442    0.7325    1.7208    1.0741
    0.4395    0.8948    0.7788    0.7819    0.4653    0.7008    0.4940    1.2201
    0.6566    0.0668    0.0668    0.2418    1.0087    0.8843    0.0744    0.0744
    0.8447    1.3923    0.2685    0.8236    1.3612    0.5213    0.6553    0.3008
    0.8115    0.1388    0.3542    0.3903    0.2666    0.1034    0.1034    1.0546
    0.4828    0.8108    1.5688    1.0450    0.6962    0.5911    0.8525    0.6372
    0.6134    0.0450    0.0450    1.1170    1.2309    1.6467    0.7082    0.4937
    1.8018    0.8150    0.6526    0.8592    0.9331    0.7036    1.2456    0.0872
    0.0872    0.7200    0.8359    1.4229    1.3876    0.8088    1.0939    0.8482
    0.9886    0.4231    0.3701    0.8037    0.1076    0.1076    0.8056    0.2583
    1.1883    0.0872    0.0872    0.5195    0.8185    0.6262    1.5477    0.9927
    0.6062    0.5975    0.7587    1.0013    0.8897    0.2355    0.6613    0.8696
    0.7422    0.8591    0.0787    0.0787    1.3241    0.2823    0.6678    1.6056
    0.3957    0.0612    0.0612    0.6349    0.3432    0.0744    0.0744    0.6469
    0.5772    0.6969    0.1655    0.3644    0.6672    0.2505    0.2604    1.0324
    0.7353    0.7078    1.3507    0.9125    0.0872    0.0872    0.6907    0.2816
    0.4583    0.1048    0.1048    0.4144    0.7570    0.3467    1.4812    0.7201
    0.7026    0.6331    0.0934    0.0934    1.6206    0.8691    0.8383    0.2358
    1.2035    0.6718    1.1827    0.8192    1.0527    0.3793    0.8672    0.6871
    0.3116    0.2779    0.9094    0.4583    0.9729    0.2889    0.5822    0.4623
    0.2600    0.3128    1.2286    0.8749    0.4609    1.0684    0.3743    0.6918
    0.8320    0.8308    0.7511    0.0583    0.0583    0.7229    0.4401    0.3072
    0.2407    0.1997    0.0976    1.3560    0.2175    1.5909    0.0583    0.0583
    0.2192    0.6872    0.2797    0.0934    0.0934    0.6541    0.9606    0.0991
    0.0991    1.4948    0.6288    0.9182    0.0365    0.0365    0.7788    0.6685
    0.0801    0.0801    0.2140    1.0758    1.0392    0.8011    0.6860    0.7942
    1.3894    0.4012    0.7596    0.1048    0.1048    0.1181    0.1181    0.1805
    0.8706    0.5289    0.7492    0.3215    0.3724    0.1550    0.2704    0.4705
    0.6635    0.6291    0.5831    0.4015    0.7099    0.9836    0.5662    0.5536
    0.1851    0.1180    0.5913    1.3309    1.0210    0.7875    0.4060    0.7369
    0.4011    1.0235    0.8019    0.8183    0.6017    0.2271    0.8033    0.7312
    0.3515    0.8695    0.6378    0.4392    0.9029    1.3418    0.9184    0.2606
    0.8474    0.9500    0.4089    0.4123    0.3419    1.1345    0.6860    0.7245
    0.6903    0.7298    0.1793    0.6986    0.9888    0.4492    0.6469    0.2477
    0.1477    0.8849    1.3024    0.2054    1.3881    0.7686    0.8445    0.6797
    0.9573    0.9665    0.0000    0.0000    0.0000    0.0000    0.0000    0.0000
    0.0000    0.0000    0.8535    1.2591    1.2806    0.0512    0.0512    0.2055
    0.5164    0.1691    1.0516    0.7255    0.5982    0.9176    0.7482    1.6467
    0.0683    0.0683    0.0000    0.0000    0.0000    0.0000    0.0000    0.0000
    0.0000    0.0000    0.8499    0.9611    0.1353    0.7286    0.0957    0.1072
    0.1654    0.9733    0.9993    0.8222    1.3183    1.1799    0.5793    0.8432
    0.7491    1.1686    0.8317    0.6477    0.9556    0.8447    0.8840    0.2419
    0.2354    0.9051    1.0339    0.4883    1.0918    1.7134    0.8166    0.2256
    0.2053    0.1829    0.9857    0.9163    0.3267    0.8698    0.7449    0.2116
    0.9203    1.2652    0.2507    0.8714    0.7907    1.2936    0.9381    1.0600
    1.0334    0.7085    0.2733    1.1155    0.7065    0.1560    0.7325    0.5951
    0.9988    0.7627    1.0003    0.4821    0.0498    0.0498    1.2529    0.2205
    0.1673    0.6175    0.5968    0.8538    0.6400    0.2125    0.9754    1.2805
    0.8368    1.1801    0.8612    0.0555    0.0555    0.9615    0.7227    1.2523
    0.8551    1.2876    0.8391    0.3354    0.2360    0.1917    1.0430    0.8582
    0.7255    1.2339    0.9801    0.2894    1.1502    0.8358    0.6445    0.9556
    0.2492    0.7308    0.1659    1.3038    0.3482    0.8639    1.3634    0.7096
    0.1872    0.9620    0.6572    0.6869    1.1426    0.6577    0.5260    0.6009
    0.4728    0.5953    0.9357    0.6181    0.1109    0.1109    1.0629    0.7557
    0.3132    0.5933    0.1920    1.0621    0.8533    0.8090    0.1272    0.7830
    1.3055    0.6668    1.2977    0.5386    0.9993    0.8880    0.6748    0.7559
    0.7193    0.7303    0.5536    0.7076    0.7609    0.2728    0.7978    0.7472
    1.0171    0.7780    1.0393    1.0720    0.5455    0.8720    0.0436    0.0436
    0.7659    0.4606    1.1491    0.8386    0.9530    1.0300    0.0232    0.0232
    0.6548    0.0465    0.0465    0.4080    0.0944    1.3075    0.1319    0.0683
    0.0683    0.7532    0.3278    0.2826    0.6761    1.4817    1.0790    1.1360
    0.8057    0.8593    0.6961    0.6013    1.6207    0.7006    0.5152    0.7829
    0.6882    0.3903    0.8466    0.0479    0.0479    0.6848    1.0140    0.6553
    0.2353    1.6951    0.4950    0.7322    0.0408    0.0408    0.9118    0.7535
    1.1250    0.8695    0.0000    0.0000    0.0000    0.0000    0.0000    0.0000
    0.0000    0.0000    0.4822    0.5519    0.9943    1.4216    0.3080    0.8302
    1.2192    2.0298    1.7172    1.0411    0.9724    0.8817    0.6820    0.8025
    0.4937    0.8127    0.1216    0.9077    0.8240    0.3206    0.7576    0.8736
    0.6358    0.6724    0.6863    0.4988    0.0640    0.0640    0.4256    0.5813
    1.4383    0.4772    0.8982    0.7410    1.0300    0.5652    0.8815    0.4355
    0.4821    0.2134    1.0821    0.2426    0.5235    1.5829    0.6158    0.1557
    1.4436    0.6664    0.7205    1.2550    0.6253    0.7722    0.6008    0.0465
    0.0465    0.7404    0.7649    0.5738    1.0964    0.8340    0.6963    0.7338
    0.5747    0.9745    0.8995    0.6699    0.8701    0.9660    0.2861    0.5555
    0.9881    0.2245    1.3327    0.8636    1.4644    0.5534    0.8237    0.3832
    0.8111    1.0025    0.9839    0.1990    0.6668    0.5780    0.3883    0.8039
    0.8158    0.7602    0.4707    0.7651    1.1374    0.9380    0.5321    0.0000
    0.0000    0.0000    0.0000    0.0000    0.0000    0.0000    0.0000    1.1543
    0.2624    0.0991    0.0991    1.1116    1.0267    0.0261    0.0261    0.6906
    0.3706    0.3146    0.8720    0.8920    0.5078    1.2398    1.3300    0.9080
    0.7563    0.9660    0.3579    0.6905    0.9902    0.3015    1.1160    1.4853
    0.8017    0.7005    1.2337    0.6540    0.9115    0.2093    0.9523    0.8660
    1.3111    0.6829    1.1049    0.8077    0.1152    0.1152    1.1797    0.7901
    1.3277    0.5509    1.0986    0.7461    0.4478    1.0508    0.7360    0.5571
    0.3196    0.8488    0.7534    0.6391    0.9661    0.7986    0.6740    0.8271
    0.0512    0.0512    0.6721    0.6814    0.9260    0.7860    1.2961    0.5335
    0.8590    0.0275    0.0275    0.7663    0.7080    1.2875    0.3291    0.9509
    0.6359    0.0640    0.0640    0.7180    0.9711    0.7068    0.1755    0.8672
    0.7786    0.8318    0.6440    1.0646    0.5813    0.0512    0.0512    1.0237
    0.9390    0.4168    0.4498    0.1738    0.1034    0.1034    0.7285    0.4782
    0.8275    0.3945    1.0817    0.5013    1.3011    0.6333    0.7028    0.3685
    0.2348    0.6298    0.4776    0.6300    1.1783    1.5929    0.8869    0.2798
    0.1693    0.4120    0.9325    0.8155    0.9925    0.8079    0.5494    0.8498
    0.1412    0.2326    0.1872    1.3395    1.0625    0.5562    0.7015    1.0394
    1.0340    1.0904    0.1090    0.1090    0.6268    0.8866    0.6022    1.7838
    0.7916    0.7229    0.8805    0.1722    0.2531    0.8271    0.8149    0.6559
    1.4637    0.7747    0.0985    0.9194    0.4291    0.5939    0.4820    0.8378
    1.3373    1.6931    0.5275    0.0526    0.0526    0.0526    0.0526    0.1704
    0.8891    1.1434    0.8663    0.7821    0.7438    0.4024    1.1289    0.8976
    0.6572    0.6767    1.3457    0.8989    0.5760    0.3082    0.6288    0.6374
    0.1798    0.7285    1.3426    0.7001    0.3774    1.2084    1.1942    1.2066
    1.0187    0.4930    0.0640    0.0640    0.0583    0.0583    0.7031    1.3278
    0.6541    0.0787    0.0787    0.8974    0.3392    0.8205    0.8789    0.7775
    1.6077    0.6762    0.7141    0.8976    0.6129    0.0322    0.0322    0.7333
    0.8173    1.1988    0.8448    0.7562    0.6368    1.4491    1.0357    1.0674
    0.8923    0.8815    0.9772    0.6016    1.1961    0.4155    0.4043    0.8974
    0.4989    0.8806    0.4372    0.6657    0.2247    0.3493    0.8015    0.5791
    0.1053    0.7613    0.9342    1.1864    0.5179    0.3753    0.1721    0.6630
    0.5177    0.7910    1.2270    0.2281    0.7791    0.6599    0.2087    0.7946
    0.0569    0.0569    0.6553    0.6548    0.6705    0.6008    0.9865    0.1076
    0.1076    0.0379    0.0379    0.8134    0.1480    0.9319    0.4060    0.3746
    0.6405    0.3208    0.9590    1.1226    0.6779    0.3184    1.1865    0.0379
    0.0379    0.6710    0.2576    0.9216    1.3507    0.1769    0.5708    1.0631
    0.1581    1.1928    0.7782    0.5699    0.8405    0.8759    0.4823    0.7546
    1.0339    1.2127    1.4315    1.5081    0.1406    0.7094    0.1733    0.9820
    0.5447    0.1109    0.1109    0.3504    1.5278    0.0758    0.0758    0.7765
    0.7499    0.7504    0.1997    0.5165    0.6305    0.6419    0.3083    0.7950
    0.6790    0.2596    0.5969    0.0830    0.0830    0.8936    0.6585    0.5735
    0.7198    0.3418    0.8134    0.8429    1.1808    0.4278    0.8812
    0.0000    0.0000    0.0000    0.0000    0.0000    0.0000    0.0000    0.0000
    0.1243    0.2253    0.2071    0.0860    0.4407    0.3674    0.0517    0.0819
    0.3553    0.6574    0.0000    0.0000    0.1150    0.0969    0.0525    0.2752
    0.3337    0.0588    0.1932    0.0396    0.1671    0.3095    0.5090    0.1889
    0.4609    0.1935    0.1506    0.3275    0.1238    0.5233    0.0851    0.1659
    0.3695    0.1561    0.2919    0.1437    0.3857    0.0443    0.3785    0.3895
    0.4833    0.1517    0.1229    0.1066    0.2486    0.0069    0.2384    0.0826
    0.6127    0.0418    0.0748    0.0888    0.4448    0.0180    0.4472    0.5132
    0.0630    0.2189    0.4337    0.3124    0.5317    0.4426    0.0753    0.0063
    0.5455    0.3696    0.2001    0.1990    0.1559    0.1631    0.0248    0.0136
    0.1903    0.4445    0.1366    0.1329    0.4266    0.3946    0.0000    0.0000
    0.0000    0.0000    0.0000    0.0000    0.0000    0.0000    0.0851    0.3141
    0.6229    0.0415    0.4130    0.2611    0.1894    0.0992    0.2283    0.4787
    0.3713    0.4690    0.0078    0.3512    0.5677    0.0780    0.0068    0.1776
    0.2711    0.5889    0.2296    0.0982    0.1953    0.1771    0.2084    0.5929
    0.0000    0.0000    0.3417    0.1485    0.3718    0.0000    0.0000    0.2541
    0.0291    0.3364    0.5268    0.1654    0.1550    0.1647    0.2376    0.1125
    0.3568    0.1532    0.1286    0.0621    0.1052    0.5321    0.2836    0.3135
    0.4459    0.2046    0.0237    0.4694    0.5019    0.0895    0.4470    0.0715
    0.0703    0.2876    0.2147    0.1086    0.3058    0.1926    0.4137    0.0000
    0.0000    0.3227    0.0605    0.1150    0.1704    0.3620    0.2281    0.5473
    0.1663    0.1567    0.0477    0.3289    0.0385    0.4840    0.0508    0.0032
    0.1022    0.4455    0.4979    0.5281    0.3655    0.3201    0.0087    0.0000
    0.0000    0.2013    0.0000    0.0000    0.1716    0.1599    0.4982    0.3268
    0.1986    0.3358    0.1125    0.2667    0.1636    0.1047    0.3508    0.4279
    0.1969    0.5430    0.0000    0.0000    0.1308    0.5430    0.3991    0.3505
    0.0477    0.1464    0.5270    0.0855    0.1524    0.5955    0.5584    0.0757
    0.1682    0.1155    0.2893    0.0985    0.1446    0.5652    0.0713    0.2472
    0.0000    0.0000    0.2195    0.0484    0.0715    0.0730    0.2457    0.0392
    0.0913    0.5165    0.0200    0.0213    0.0000    0.0000    0.5076    0.3383
    0.1743    0.0721    0.0000    0.0000    0.0763    0.0092    0.3546    0.3249
    0.0710    0.0910    0.4184    0.3675    0.0000    0.0000    0.3644    0.0701
    0.0000    0.0000    0.2231    0.5600    0.0346    0.3513    0.1905    0.0964
    0.1259    0.4875    0.3932    0.2361    0.3388    0.0000    0.0000    0.2198
    0.1125    0.0791    0.1140    0.1618    0.0235    0.0258    0.4665    0.1334
    0.0848    0.0093    0.3954    0.1408    0.1000    0.3060    0.3833    0.5780
    0.0702    0.0649    0.3513    0.5664    0.3356    0.1015    0.1774    0.0000
    0.0000    0.0000    0.0000    0.0000    0.0000    0.0000    0.0000    0.0797
    0.1158    0.3221    0.4764    0.4948    0.0250    0.2936    0.0421    0.3919
    0.1989    0.3524    0.0000    0.0000    0.4466    0.4090    0.1653    0.2693
    0.1797    0.1063    0.1828    0.3652    0.0381    0.0000    0.0000    0.3322
    0.0386    0.1094    0.0019    0.1777    0.3636    0.0856    0.1390    0.0530
    0.1790    0.3422    0.1372    0.0791    0.4625    0.2651    0.2145    0.0385
    0.3843    0.4139    0.0289    0.1678    0.0000    0.0000    0.5582    0.4993
    0.1564    0.0000    0.0000    0.3660    0.1240    0.0296    0.6024    0.2571
    0.0682    0.4163    0.0637    0.0930    0.3757    0.2989    0.0158    0.1960
    0.5108    0.0000    0.0000    0.0196    0.1966    0.0829    0.2567    0.4768
    0.3366    0.3676    0.5013    0.0091    0.0246    0.1566    0.1715    0.0635
    0.1127    0.1014    0.0721    0.0238    0.4241    0.1911    0.0000    0.0000
    0.0416    0.1263    0.0995    0.2614    0.5144    0.0992    0.4642    0.2902
    0.1412    0.0494    0.3864    0.0000    0.0000    0.1040    0.5558    0.1768
    0.0752    0.2499    0.4753    0.4023    0.4160    0.1560    0.6147    0.2493
    0.3207    0.1847    0.3318    0.0371    0.1547    0.0870    0.4942    0.2347
    0.3211    0.0189    0.0071    0.5369    0.1400    0.0459    0.2095    0.4090
    0.0737    0.4941    0.4877    0.0928    0.2223    0.5012    0.0496    0.3442
    0.0391    0.2062    0.3652    0.0431    0.1655    0.1399    0.4723    0.5618
    0.2604    0.0774    0.1077    0.0711    0.3883    0.0000    0.0000    0.0000
    0.0000    0.0000    0.0000    0.0000    0.0000    0.5326    0.1296    0.1344
    0.1511    0.0560    0.1932    0.1146    0.2410    0.1398    0.2443    0.0000
    0.0000    0.1770    0.0127    0.2772    0.3626    0.0249    0.2432    0.5236
    0.4652    0.0073    0.2878    0.1821    0.6324    0.6324    0.0770    0.4719
    0.3181    0.0753    0.5415    0.0876    0.0328    0.1694    0.0749    0.0065
    0.2398    0.3412    0.0135    0.1107    0.1699    0.0000    0.0000    0.4288
    0.0919    0.0214    0.1582    0.0788    0.5905    0.2136    0.2073    0.2002
    0.5483    0.0248    0.1027    0.1416    0.1318    0.5227    0.5155    0.1572
    0.1884    0.3399    0.0630    0.1430    0.0319    0.2254    0.0000    0.0000
    0.0000    0.0000    0.4055    0.1799    0.1027    0.1211    0.3092    0.5059
    0.1672    0.2319    0.0329    0.4466    0.0865    0.0668    0.0000    0.0000
    0.2733    0.1615    0.1516    0.5578    0.6176    0.1620    0.1493    0.0000
    0.0000    0.0132    0.0612    0.1716    0.2722    0.5367    0.0219    0.5324
    0.0787    0.3541    0.0320    0.5938    0.2768    0.1936    0.0000    0.0000
    0.1325    0.4794    0.0432    0.0844    0.0445    0.0000    0.0000    0.5348
    0.4037    0.0546    0.4482    0.0274    0.1839    0.1154    0.0897    0.0389
    0.5766    0.2415    0.5245    0.0518    0.0000    0.0000    0.0000    0.0000
    0.5251    0.3138    0.4438    0.3692    0.2386    0.5183    0.0887    0.2724
    0.3075    0.2291    0.3922    0.1377    0.0945    0.6485    0.1310    0.0383
    0.5009    0.0000    0.0000    0.0721    0.2986    0.0707    0.0000    0.0000
    0.1500    0.1047    0.0321    0.4038    0.1133    0.4403    0.0138    0.2685
    0.4318    0.0978    0.2927    0.1153    0.2184    0.0000    0.0000    0.0516
    0.0488    0.0074    0.0723    0.0788    0.3661    0.3727    0.2969    0.5390
    0.5347    0.0000    0.0000    0.2480    0.0658    0.0434    0.4173    0.3116
    0.0409    0.2584    0.1994    0.4397    0.3310    0.0032    0.1695    0.0000
    0.0000    0.4260    0.0774    0.1022    0.1124    0.2620    0.2845    0.1290
    0.3264    0.0362    0.2482    0.6772    0.0000    0.0000    0.2362    0.0399
    0.0912    0.0000    0.0000    0.0851    0.3239    0.4705    0.0457    0.3090
    0.5680    0.5750    0.4845    0.0089    0.2869    0.0853    0.6258    0.0029
    0.2778    0.2881    0.0000    0.0000    0.1373    0.1242    0.3271    0.0533
    0.0773    0.0000    0.0000    0.5595    0.3376    0.0000    0.0000    0.6077
    0.2960    0.3211    0.1239    0.1001    0.3867    0.1524    0.0048    0.2980
    0.1138    0.6129    0.0668    0.2830    0.0000    0.0000    0.4475    0.1259
    0.2870    0.0000    0.0000    0.3429    0.0495    0.1773    0.0616    0.4024
    0.0272    0.0716    0.0000    0.0000    0.0286    0.2933    0.1957    0.0560
    0.0730    0.5066    0.2073    0.1719    0.0941    0.0578    0.0259    0.0071
    0.0784    0.0949    0.3763    0.3725    0.2061    0.2209    0.3605    0.0563
    0.1303    0.1447    0.0500    0.3483    0.0423    0.0697    0.0924    0.2830
    0.3885    0.2256    0.0575    0.0000    0.0000    0.6163    0.1288    0.2033
    0.1056    0.0891    0.0914    0.1845    0.1442    0.0828    0.0000    0.0000
    0.1632    0.4625    0.2361    0.0000    0.0000    0.1959    0.3095    0.0000
    0.0000    0.0509    0.6167    0.3584    0.0000    0.0000    0.3210    0.0613
    0.0000    0.0000    0.1310    0.4724    0.0292    0.2860    0.1381    0.5159
    0.1020    0.3661    0.4912    0.0000    0.0000    0.0000    0.0000    0.0083
    0.1122    0.2474    0.5147    0.0693    0.2828    0.0852    0.1963    0.3183
    0.5245    0.4054    0.0189    0.3171    0.5064    0.2527    0.2569    0.3797
    0.1791    0.0027    0.1209    0.1251    0.2295    0.2321    0.1033    0.1250
    0.3319    0.3176    0.2114    0.4521    0.1225    0.0492    0.1414    0.5218
    0.3490    0.1309    0.1184    0.3292    0.4974    0.0052    0.3829    0.2152
    0.0941    0.3767    0.0004    0.3506    0.0240    0.1594    0.5601    0.2526
    0.0987    0.3887    0.1192    0.5162    0.2522    0.1192    0.3944    0.2250
    0.0646    0.3401    0.0221    0.2039    0.0143    0.2886    0.3467    0.6347
    0.0609    0.2192    0.0000    0.0000    0.0000    0.0000    0.0000    0.0000
    0.0000    0.0000    0.4137    0.1911    0.0027    0.0000    0.0000    0.1600
    0.2188    0.1402    0.0948    0.4125    0.5959    0.3160    0.4721    0.0414
    0.0000    0.0000    0.0000    0.0000    0.0000    0.0000    0.0000    0.0000
    0.0000    0.0000    0.2292    0.3014    0.0851    0.0595    0.0872    0.1020
    0.0849    0.1734    0.3174    0.1670    0.0318    0.1850    0.1641    0.4806
    0.3979    0.1661    0.0405    0.2938    0.3649    0.3292    0.2299    0.1003
    0.0290    0.0307    0.4344    0.4621    0.2627    0.0541    0.2785    0.1310
    0.1797    0.0277    0.1494    0.3646    0.3038    0.2803    0.1534    0.0198
    0.2566    0.0597    0.0328    0.1178    0.4867    0.0499    0.0971    0.1394
    0.1744    0.5593    0.1388    0.0080    0.6263    0.0023    0.2135    0.5606
    0.0560    0.2077    0.0330    0.3461    0.0000    0.0000    0.0398    0.2122
    0.0043    0.3636    0.4105    0.1912    0.6122    0.0690    0.0322    0.0952
    0.4266    0.1395    0.3939    0.0000    0.0000    0.2952    0.0765    0.0911
    0.2129    0.0351    0.2090    0.0113    0.2038    0.0592    0.2608    0.2002
    0.5794    0.1382    0.1600    0.0015    0.1211    0.1295    0.4029    0.0653
    0.0198    0.5072    0.0222    0.1237    0.0850    0.2354    0.0086    0.5234
    0.1425    0.1959    0.4080    0.1282    0.1312    0.5858    0.1295    0.4933
    0.2919    0.5520    0.3567    0.4456    0.0000    0.0000    0.1611    0.0710
    0.1268    0.2576    0.1653    0.0882    0.0676    0.1046    0.0783    0.4608
    0.0833    0.1884    0.2007    0.5362    0.3057    0.1899    0.6512    0.1371
    0.3382    0.3687    0.5022    0.5659    0.0560    0.1479    0.2882    0.4951
    0.1673    0.5023    0.3393    0.0812    0.4610    0.0500    0.0000    0.0000
    0.5395    0.2439    0.2950    0.5712    0.3352    0.0681    0.0000    0.0000
    0.5941    0.0000    0.0000    0.2706    0.0886    0.1100    0.0314    0.0000
    0.0000    0.3054    0.1575    0.1201    0.3586    0.1317    0.3940    0.0978
    0.2423    0.1955    0.3319    0.4497    0.0855    0.5409    0.2613    0.4686
    0.2661    0.2601    0.3118    0.0000    0.0000    0.6471    0.2250    0.5885
    0.0138    0.0912    0.0893    0.5812    0.0000    0.0000    0.2901    0.0992
    0.2662    0.0307    0.0000    0.0000    0.0000    0.0000    0.0000    0.0000
    0.0000    0.0000    0.2711    0.0715    0.1787    0.1854    0.2938    0.1877
    0.0684    0.1327    0.0234    0.1116    0.5073    0.2151    0.5824    0.0577
    0.2431    0.4470    0.0298    0.1860    0.1441    0.1835    0.2943    0.1892
    0.2492    0.6124    0.4030    0.1652    0.0000    0.0000    0.2115    0.4536
    0.0847    0.1761    0.3840    0.1482    0.2257    0.3114    0.2466    0.3677
    0.2320    0.1034    0.2608    0.0986    0.4202    0.0520    0.5932    0.0103
    0.0595    0.6139    0.1210    0.0090    0.2307    0.4337    0.3060    0.0000
    0.0000    0.5026    0.3165    0.3177    0.1027    0.3150    0.2997    0.3117
    0.5164    0.0427    0.2378    0.5962    0.4867    0.0346    0.1955    0.5377
    0.3184    0.0318    0.0829    0.2172    0.0811    0.1100    0.2600    0.3761
    0.3495    0.3220    0.0740    0.0771    0.0134    0.3554    0.1533    0.1232
    0.3471    0.2917    0.4295    0.5883    0.2524    0.1155    0.3693    0.0000
    0.0000    0.0000    0.0000    0.0000    0.0000    0.0000    0.0000    0.1250
    0.1744    0.0000    0.0000    0.2448    0.0490    0.0000    0.0000    0.4729
    0.3257    0.0976    0.0420    0.3310    0.4493    0.0563    0.0562    0.2162
    0.3710    0.1279    0.2919    0.5684    0.0687    0.2024    0.1489    0.0726
    0.1044    0.3361    0.1859    0.1425    0.0280    0.1644    0.0145    0.3952
    0.0002    0.5970    0.1950    0.5547    0.0000    0.0000    0.1304    0.1592
    0.0515    0.1706    0.3453    0.4653    0.4431    0.3243    0.5098    0.5269
    0.0909    0.0380    0.5182    0.5832    0.0013    0.5208    0.3678    0.3391
    0.0000    0.0000    0.0731    0.2905    0.3188    0.4039    0.1077    0.3109
    0.2271    0.0000    0.0000    0.0726    0.3281    0.1695    0.0678    0.0070
    0.3437    0.0000    0.0000    0.4302    0.3247    0.3863    0.1435    0.1771
    0.4510    0.4886    0.6269    0.3541    0.0267    0.0000    0.0000    0.3503
    0.0228    0.1232    0.4215    0.0934    0.0000    0.0000    0.5078    0.4517
    0.1772    0.0083    0.3446    0.3646    0.0721    0.4219    0.1958    0.0319
    0.0756    0.4912    0.2073    0.5902    0.1790    0.0604    0.1678    0.1929
    0.1586    0.0987    0.2033    0.0174    0.1935    0.4998    0.5280    0.4647
    0.1330    0.0124    0.1073    0.1002    0.1883    0.4355    0.5735    0.2803
    0.1299    0.2785    0.0000    0.0000    0.1364    0.0073    0.1959    0.0751
    0.2894    0.3598    0.4035    0.0806    0.1917    0.0444    0.1869    0.6259
    0.0765    0.3284    0.0642    0.3445    0.4141    0.0962    0.4491    0.2554
    0.0495    0.0801    0.1053    0.0000    0.0000    0.0000    0.0000    0.1516
    0.4290    0.0433    0.0234    0.2546    0.2108    0.3251    0.2176    0.3271
    0.2271    0.1778    0.1116    0.2639    0.4287    0.0405    0.4547    0.3036
    0.1105    0.3992    0.1059    0.4992    0.0030    0.1373    0.2504    0.0928
    0.0244    0.4363    0.0000    0.0000    0.0000    0.0000    0.3451    0.1307
    0.5964    0.0000    0.0000    0.2902    0.3127    0.2604    0.2221    0.5003
    0.1390    0.4066    0.5727    0.1795    0.2530    0.0000    0.0000    0.3746
    0.3269    0.1864    0.3934    0.5209    0.2782    0.0271    0.1354    0.0399
    0.0541    0.1966    0.1655    0.1452    0.1000    0.3270    0.3977    0.4054
    0.1194    0.3391    0.2149    0.2664    0.2036    0.1805    0.0704    0.5180
    0.0650    0.1476    0.1493    0.1084    0.3752    0.2221    0.1597    0.3046
    0.3739    0.0480    0.2734    0.0367    0.2177    0.5382    0.1629    0.1757
    0.0000    0.0000    0.4987    0.5237    0.2195    0.0576    0.3765    0.0000
    0.0000    0.0000    0.0000    0.4437    0.0995    0.2711    0.0004    0.2466
    0.0091    0.1722    0.3832    0.2315    0.5931    0.0246    0.1562    0.0000
    0.0000    0.6052    0.1687    0.4301    0.0156    0.0471    0.1692    0.1179
    0.1565    0.1893    0.6518    0.1271    0.2394    0.3226    0.4529    0.5051
    0.2780    0.1774    0.0700    0.0936    0.1074    0.2130    0.0589    0.1302
    0.2598    0.0000    0.0000    0.2950    0.1133    0.0000    0.0000    0.3647
    0.2576    0.4385    0.0753    0.4960    0.6150    0.6130    0.0629    0.4816
    0.0722    0.1666    0.5882    0.0000    0.0000    0.1088    0.0783    0.1736
    0.4019    0.3232    0.3090    0.1677    0.0101    0.1804    0.5157
